<?xml version="1.0" encoding="UTF-8"?>
<!-- Generated by org.testng.reporters.JUnitReportReporter -->
<testsuite hostname="DESKTOP-KTHCJK7" failures="0" tests="3" name="com.miro.signup.SignUpTest" time="191.137" errors="0" timestamp="2023-02-12T20:09:02 IST" skipped="1">
  <testcase classname="com.miro.signup.SignUpTest" name="validateSuccessfulSignUpByCustomer" time="0.003">
    <skipped/>
  </testcase> <!-- validateSuccessfulSignUpByCustomer -->
  <system-out/>
  <testcase classname="com.miro.signup.SignUpTest" name="validateSuccessfulSignUpByCustomer" time="56.183"/>
  <system-out/>
  <testcase classname="com.miro.signup.SignUpTest" name="validateSuccessfulSignUpByCustomer" time="134.951"/>
  <system-out/>
</testsuite> <!-- com.miro.signup.SignUpTest -->
