<?xml version="1.0" encoding="UTF-8"?>
<!-- Generated by org.testng.reporters.JUnitReportReporter -->
<testsuite hostname="DESKTOP-KTHCJK7" failures="0" tests="3" name="com.miro.signup.SignUpTest" time="81.985" errors="0" timestamp="2023-02-12T19:06:28 IST" skipped="2">
  <testcase classname="com.miro.signup.SignUpTest" name="validateSuccessfulSignUpByCustomer" time="81.978"/>
  <system-out/>
  <testcase classname="com.miro.signup.SignUpTest" name="validateSuccessfulSignUpByCustomer" time="0.003">
    <skipped/>
  </testcase> <!-- validateSuccessfulSignUpByCustomer -->
  <system-out/>
  <testcase classname="com.miro.signup.SignUpTest" name="validateSuccessfulSignUpByCustomer" time="0.004">
    <skipped/>
  </testcase> <!-- validateSuccessfulSignUpByCustomer -->
  <system-out/>
</testsuite> <!-- com.miro.signup.SignUpTest -->
