<?xml version="1.0" encoding="UTF-8"?>
<!-- Generated by org.testng.reporters.JUnitReportReporter -->
<testsuite hostname="DESKTOP-KTHCJK7" failures="0" tests="3" name="com.miro.signup.Signup" time="179.049" errors="0" timestamp="2023-02-11T03:33:41 IST" skipped="2">
  <testcase classname="com.miro.signup.Signup" name="testSignUp" time="0.008">
    <skipped/>
  </testcase> <!-- testSignUp -->
  <system-out/>
  <testcase classname="com.miro.signup.Signup" name="testSignUp" time="179.025"/>
  <system-out/>
  <testcase classname="com.miro.signup.Signup" name="testSignUp" time="0.016">
    <skipped/>
  </testcase> <!-- testSignUp -->
  <system-out/>
</testsuite> <!-- com.miro.signup.Signup -->
