<?xml version="1.0" encoding="UTF-8"?>
<!-- Generated by org.testng.reporters.JUnitReportReporter -->
<testsuite hostname="DESKTOP-KTHCJK7" failures="0" tests="3" name="com.miro.signup.SignUpTest" time="43.862" errors="0" timestamp="2023-02-11T05:06:22 IST" skipped="2">
  <testcase classname="com.miro.signup.SignUpTest" name="testSignUp" time="43.858"/>
  <system-out/>
  <testcase classname="com.miro.signup.SignUpTest" name="testSignUp" time="0.002">
    <skipped/>
  </testcase> <!-- testSignUp -->
  <system-out/>
  <testcase classname="com.miro.signup.SignUpTest" name="testSignUp" time="0.002">
    <skipped/>
  </testcase> <!-- testSignUp -->
  <system-out/>
</testsuite> <!-- com.miro.signup.SignUpTest -->
